# JRE version: OpenJDK Runtime Environment (17.0.11) (build 17.0.11+0--11852314)
# Java VM: OpenJDK 64-Bit Server VM (17.0.11+0--11852314, mixed mode, tiered, compressed oops, compressed class ptrs, parallel gc, windows-amd64)
GC Precious Log:
 CPUs: 4 total, 4 available
 Memory: 8088M
 Large Page Support: Disabled
 NUMA Support: Disabled
 Compressed Oops: Enabled (Zero based)
 Alignments: Space 512K, Generation 512K, Heap 2M
 Heap Min Capacity: 8M
 Heap Initial Capacity: 128M
 Heap Max Capacity: 6G
 Pre-touch: Disabled
 Parallel Workers: 4
Heap:
 PSYoungGen      total 1873408K, used 1072608K [0x0000000780000000, 0x0000000800000000, 0x0000000800000000)
  eden space 1727488K, 53% used [0x0000000780000000,0x00000007b893bde0,0x00000007e9700000)
  from space 145920K, 99% used [0x00000007e9700000,0x00000007f253c558,0x00000007f2580000)
  to   space 203264K, 0% used [0x00000007f3980000,0x00000007f3980000,0x0000000800000000)
 ParOldGen       total 559104K, used 361645K [0x0000000680000000, 0x00000006a2200000, 0x0000000780000000)
  object space 559104K, 64% used [0x0000000680000000,0x000000069612b620,0x00000006a2200000)
 Metaspace       used 277609K, committed 280896K, reserved 1114112K
  class space    used 34758K, committed 36352K, reserved 851968K
GC Heap History (20 events):
Event: 121.838 GC heap before
{Heap before GC invocations=42 (full 7):
 PSYoungGen      total 1070080K, used 1018880K [0x0000000780000000, 0x00000007c5500000, 0x0000000800000000)
  eden space 1018880K, 100% used [0x0000000780000000,0x00000007be300000,0x00000007be300000)
  from space 51200K, 0% used [0x00000007c1500000,0x00000007c1500000,0x00000007c4700000)
  to   space 51200K, 0% used [0x00000007be300000,0x00000007be300000,0x00000007c1500000)
 ParOldGen       total 340992K, used 205854K [0x0000000680000000, 0x0000000694d00000, 0x0000000780000000)
  object space 340992K, 60% used [0x0000000680000000,0x000000068c907b68,0x0000000694d00000)
 Metaspace       used 205434K, committed 206912K, reserved 1048576K
  class space    used 26370K, committed 27008K, reserved 851968K
}
Event: 121.873 GC heap after
{Heap after GC invocations=42 (full 7):
 PSYoungGen      total 1070080K, used 23715K [0x0000000780000000, 0x00000007cf500000, 0x0000000800000000)
  eden space 1018880K, 0% used [0x0000000780000000,0x0000000780000000,0x00000007be300000)
  from space 51200K, 46% used [0x00000007be300000,0x00000007bfa28d30,0x00000007c1500000)
  to   space 50688K, 0% used [0x00000007cc380000,0x00000007cc380000,0x00000007cf500000)
 ParOldGen       total 340992K, used 205862K [0x0000000680000000, 0x0000000694d00000, 0x0000000780000000)
  object space 340992K, 60% used [0x0000000680000000,0x000000068c909b68,0x0000000694d00000)
 Metaspace       used 205434K, committed 206912K, reserved 1048576K
  class space    used 26370K, committed 27008K, reserved 851968K
}
Event: 131.809 GC heap before
{Heap before GC invocations=43 (full 7):
 PSYoungGen      total 1070080K, used 1042595K [0x0000000780000000, 0x00000007cf500000, 0x0000000800000000)
  eden space 1018880K, 100% used [0x0000000780000000,0x00000007be300000,0x00000007be300000)
  from space 51200K, 46% used [0x00000007be300000,0x00000007bfa28d30,0x00000007c1500000)
  to   space 50688K, 0% used [0x00000007cc380000,0x00000007cc380000,0x00000007cf500000)
 ParOldGen       total 340992K, used 205862K [0x0000000680000000, 0x0000000694d00000, 0x0000000780000000)
  object space 340992K, 60% used [0x0000000680000000,0x000000068c909b68,0x0000000694d00000)
 Metaspace       used 208702K, committed 210368K, reserved 1048576K
  class space    used 26709K, committed 27520K, reserved 851968K
}
Event: 131.856 GC heap after
{Heap after GC invocations=43 (full 7):
 PSYoungGen      total 1221120K, used 41314K [0x0000000780000000, 0x00000007ced00000, 0x0000000800000000)
  eden space 1178624K, 0% used [0x0000000780000000,0x0000000780000000,0x00000007c7f00000)
  from space 42496K, 97% used [0x00000007cc380000,0x00000007cebd8b48,0x00000007ced00000)
  to   space 56320K, 0% used [0x00000007c7f00000,0x00000007c7f00000,0x00000007cb600000)
 ParOldGen       total 340992K, used 205870K [0x0000000680000000, 0x0000000694d00000, 0x0000000780000000)
  object space 340992K, 60% used [0x0000000680000000,0x000000068c90bb68,0x0000000694d00000)
 Metaspace       used 208702K, committed 210368K, reserved 1048576K
  class space    used 26709K, committed 27520K, reserved 851968K
}
Event: 148.285 GC heap before
{Heap before GC invocations=44 (full 7):
 PSYoungGen      total 1221120K, used 1219938K [0x0000000780000000, 0x00000007ced00000, 0x0000000800000000)
  eden space 1178624K, 100% used [0x0000000780000000,0x00000007c7f00000,0x00000007c7f00000)
  from space 42496K, 97% used [0x00000007cc380000,0x00000007cebd8b48,0x00000007ced00000)
  to   space 56320K, 0% used [0x00000007c7f00000,0x00000007c7f00000,0x00000007cb600000)
 ParOldGen       total 340992K, used 205870K [0x0000000680000000, 0x0000000694d00000, 0x0000000780000000)
  object space 340992K, 60% used [0x0000000680000000,0x000000068c90bb68,0x0000000694d00000)
 Metaspace       used 211251K, committed 212992K, reserved 1048576K
  class space    used 26954K, committed 27776K, reserved 851968K
}
Event: 148.433 GC heap after
{Heap after GC invocations=44 (full 7):
 PSYoungGen      total 1234944K, used 56301K [0x0000000780000000, 0x00000007dac00000, 0x0000000800000000)
  eden space 1178624K, 0% used [0x0000000780000000,0x0000000780000000,0x00000007c7f00000)
  from space 56320K, 99% used [0x00000007c7f00000,0x00000007cb5fb688,0x00000007cb600000)
  to   space 66560K, 0% used [0x00000007d6b00000,0x00000007d6b00000,0x00000007dac00000)
 ParOldGen       total 340992K, used 206730K [0x0000000680000000, 0x0000000694d00000, 0x0000000780000000)
  object space 340992K, 60% used [0x0000000680000000,0x000000068c9e2800,0x0000000694d00000)
 Metaspace       used 211251K, committed 212992K, reserved 1048576K
  class space    used 26954K, committed 27776K, reserved 851968K
}
Event: 160.039 GC heap before
{Heap before GC invocations=45 (full 7):
 PSYoungGen      total 1234944K, used 1234925K [0x0000000780000000, 0x00000007dac00000, 0x0000000800000000)
  eden space 1178624K, 100% used [0x0000000780000000,0x00000007c7f00000,0x00000007c7f00000)
  from space 56320K, 99% used [0x00000007c7f00000,0x00000007cb5fb688,0x00000007cb600000)
  to   space 66560K, 0% used [0x00000007d6b00000,0x00000007d6b00000,0x00000007dac00000)
 ParOldGen       total 340992K, used 206730K [0x0000000680000000, 0x0000000694d00000, 0x0000000780000000)
  object space 340992K, 60% used [0x0000000680000000,0x000000068c9e2800,0x0000000694d00000)
 Metaspace       used 212439K, committed 214272K, reserved 1048576K
  class space    used 27050K, committed 27904K, reserved 851968K
}
Event: 160.190 GC heap after
{Heap after GC invocations=45 (full 7):
 PSYoungGen      total 1412608K, used 55956K [0x0000000780000000, 0x00000007dbc80000, 0x0000000800000000)
  eden space 1346048K, 0% used [0x0000000780000000,0x0000000780000000,0x00000007d2280000)
  from space 66560K, 84% used [0x00000007d6b00000,0x00000007da1a5320,0x00000007dac00000)
  to   space 74240K, 0% used [0x00000007d2280000,0x00000007d2280000,0x00000007d6b00000)
 ParOldGen       total 340992K, used 227209K [0x0000000680000000, 0x0000000694d00000, 0x0000000780000000)
  object space 340992K, 66% used [0x0000000680000000,0x000000068dde26a8,0x0000000694d00000)
 Metaspace       used 212439K, committed 214272K, reserved 1048576K
  class space    used 27050K, committed 27904K, reserved 851968K
}
Event: 172.802 GC heap before
{Heap before GC invocations=46 (full 7):
 PSYoungGen      total 1412608K, used 1402004K [0x0000000780000000, 0x00000007dbc80000, 0x0000000800000000)
  eden space 1346048K, 100% used [0x0000000780000000,0x00000007d2280000,0x00000007d2280000)
  from space 66560K, 84% used [0x00000007d6b00000,0x00000007da1a5320,0x00000007dac00000)
  to   space 74240K, 0% used [0x00000007d2280000,0x00000007d2280000,0x00000007d6b00000)
 ParOldGen       total 340992K, used 227209K [0x0000000680000000, 0x0000000694d00000, 0x0000000780000000)
  object space 340992K, 66% used [0x0000000680000000,0x000000068dde26a8,0x0000000694d00000)
 Metaspace       used 213705K, committed 215616K, reserved 1048576K
  class space    used 27149K, committed 28032K, reserved 851968K
}
Event: 173.076 GC heap after
{Heap after GC invocations=46 (full 7):
 PSYoungGen      total 1420288K, used 60122K [0x0000000780000000, 0x00000007e9c00000, 0x0000000800000000)
  eden space 1346048K, 0% used [0x0000000780000000,0x0000000780000000,0x00000007d2280000)
  from space 74240K, 80% used [0x00000007d2280000,0x00000007d5d36a10,0x00000007d6b00000)
  to   space 81920K, 0% used [0x00000007e4c00000,0x00000007e4c00000,0x00000007e9c00000)
 ParOldGen       total 340992K, used 227217K [0x0000000680000000, 0x0000000694d00000, 0x0000000780000000)
  object space 340992K, 66% used [0x0000000680000000,0x000000068dde46a8,0x0000000694d00000)
 Metaspace       used 213705K, committed 215616K, reserved 1048576K
  class space    used 27149K, committed 28032K, reserved 851968K
}
Event: 181.315 GC heap before
{Heap before GC invocations=47 (full 7):
 PSYoungGen      total 1420288K, used 1406170K [0x0000000780000000, 0x00000007e9c00000, 0x0000000800000000)
  eden space 1346048K, 100% used [0x0000000780000000,0x00000007d2280000,0x00000007d2280000)
  from space 74240K, 80% used [0x00000007d2280000,0x00000007d5d36a10,0x00000007d6b00000)
  to   space 81920K, 0% used [0x00000007e4c00000,0x00000007e4c00000,0x00000007e9c00000)
 ParOldGen       total 340992K, used 227217K [0x0000000680000000, 0x0000000694d00000, 0x0000000780000000)
  object space 340992K, 66% used [0x0000000680000000,0x000000068dde46a8,0x0000000694d00000)
 Metaspace       used 214669K, committed 216640K, reserved 1048576K
  class space    used 27221K, committed 28160K, reserved 851968K
}
Event: 182.042 GC heap after
{Heap after GC invocations=47 (full 7):
 PSYoungGen      total 1635840K, used 81890K [0x0000000780000000, 0x00000007f1b80000, 0x0000000800000000)
  eden space 1553920K, 0% used [0x0000000780000000,0x0000000780000000,0x00000007ded80000)
  from space 81920K, 99% used [0x00000007e4c00000,0x00000007e9bf8bf0,0x00000007e9c00000)
  to   space 96768K, 0% used [0x00000007ded80000,0x00000007ded80000,0x00000007e4c00000)
 ParOldGen       total 340992K, used 229979K [0x0000000680000000, 0x0000000694d00000, 0x0000000780000000)
  object space 340992K, 67% used [0x0000000680000000,0x000000068e096fd8,0x0000000694d00000)
 Metaspace       used 214669K, committed 216640K, reserved 1048576K
  class space    used 27221K, committed 28160K, reserved 851968K
}
Event: 207.259 GC heap before
{Heap before GC invocations=48 (full 7):
 PSYoungGen      total 1635840K, used 1635810K [0x0000000780000000, 0x00000007f1b80000, 0x0000000800000000)
  eden space 1553920K, 100% used [0x0000000780000000,0x00000007ded80000,0x00000007ded80000)
  from space 81920K, 99% used [0x00000007e4c00000,0x00000007e9bf8bf0,0x00000007e9c00000)
  to   space 96768K, 0% used [0x00000007ded80000,0x00000007ded80000,0x00000007e4c00000)
 ParOldGen       total 340992K, used 229979K [0x0000000680000000, 0x0000000694d00000, 0x0000000780000000)
  object space 340992K, 67% used [0x0000000680000000,0x000000068e096fd8,0x0000000694d00000)
 Metaspace       used 236620K, committed 238848K, reserved 1114112K
  class space    used 29888K, committed 30912K, reserved 851968K
}
Event: 208.510 GC heap after
{Heap after GC invocations=48 (full 7):
 PSYoungGen      total 1650688K, used 96763K [0x0000000780000000, 0x0000000800000000, 0x0000000800000000)
  eden space 1553920K, 0% used [0x0000000780000000,0x0000000780000000,0x00000007ded80000)
  from space 96768K, 99% used [0x00000007ded80000,0x00000007e4bfedc0,0x00000007e4c00000)
  to   space 136192K, 0% used [0x00000007f7b00000,0x00000007f7b00000,0x0000000800000000)
 ParOldGen       total 340992K, used 291320K [0x0000000680000000, 0x0000000694d00000, 0x0000000780000000)
  object space 340992K, 85% used [0x0000000680000000,0x0000000691c7e250,0x0000000694d00000)
 Metaspace       used 236620K, committed 238848K, reserved 1114112K
  class space    used 29888K, committed 30912K, reserved 851968K
}
Event: 258.429 GC heap before
{Heap before GC invocations=49 (full 7):
 PSYoungGen      total 1650688K, used 1650683K [0x0000000780000000, 0x0000000800000000, 0x0000000800000000)
  eden space 1553920K, 100% used [0x0000000780000000,0x00000007ded80000,0x00000007ded80000)
  from space 96768K, 99% used [0x00000007ded80000,0x00000007e4bfedc0,0x00000007e4c00000)
  to   space 136192K, 0% used [0x00000007f7b00000,0x00000007f7b00000,0x0000000800000000)
 ParOldGen       total 340992K, used 291320K [0x0000000680000000, 0x0000000694d00000, 0x0000000780000000)
  object space 340992K, 85% used [0x0000000680000000,0x0000000691c7e250,0x0000000694d00000)
 Metaspace       used 247564K, committed 250112K, reserved 1114112K
  class space    used 31243K, committed 32448K, reserved 851968K
}
Event: 259.636 GC heap after
{Heap after GC invocations=49 (full 7):
 PSYoungGen      total 1863680K, used 136189K [0x0000000780000000, 0x0000000800000000, 0x0000000800000000)
  eden space 1727488K, 0% used [0x0000000780000000,0x0000000780000000,0x00000007e9700000)
  from space 136192K, 99% used [0x00000007f7b00000,0x00000007fffff7d8,0x0000000800000000)
  to   space 184832K, 0% used [0x00000007e9700000,0x00000007e9700000,0x00000007f4b80000)
 ParOldGen       total 359424K, used 358970K [0x0000000680000000, 0x0000000695f00000, 0x0000000780000000)
  object space 359424K, 99% used [0x0000000680000000,0x0000000695e8ea50,0x0000000695f00000)
 Metaspace       used 247564K, committed 250112K, reserved 1114112K
  class space    used 31243K, committed 32448K, reserved 851968K
}
Event: 259.637 GC heap before
{Heap before GC invocations=50 (full 8):
 PSYoungGen      total 1863680K, used 136189K [0x0000000780000000, 0x0000000800000000, 0x0000000800000000)
  eden space 1727488K, 0% used [0x0000000780000000,0x0000000780000000,0x00000007e9700000)
  from space 136192K, 99% used [0x00000007f7b00000,0x00000007fffff7d8,0x0000000800000000)
  to   space 184832K, 0% used [0x00000007e9700000,0x00000007e9700000,0x00000007f4b80000)
 ParOldGen       total 359424K, used 358970K [0x0000000680000000, 0x0000000695f00000, 0x0000000780000000)
  object space 359424K, 99% used [0x0000000680000000,0x0000000695e8ea50,0x0000000695f00000)
 Metaspace       used 247564K, committed 250112K, reserved 1114112K
  class space    used 31243K, committed 32448K, reserved 851968K
}
Event: 265.229 GC heap after
{Heap after GC invocations=50 (full 8):
 PSYoungGen      total 1863680K, used 22068K [0x0000000780000000, 0x0000000800000000, 0x0000000800000000)
  eden space 1727488K, 0% used [0x0000000780000000,0x0000000780000000,0x00000007e9700000)
  from space 136192K, 16% used [0x00000007f7b00000,0x00000007f908d358,0x0000000800000000)
  to   space 184832K, 0% used [0x00000007e9700000,0x00000007e9700000,0x00000007f4b80000)
 ParOldGen       total 559104K, used 359252K [0x0000000680000000, 0x00000006a2200000, 0x0000000780000000)
  object space 559104K, 64% used [0x0000000680000000,0x0000000695ed53d0,0x00000006a2200000)
 Metaspace       used 247564K, committed 250112K, reserved 1114112K
  class space    used 31243K, committed 32448K, reserved 851968K
}
Event: 426.770 GC heap before
{Heap before GC invocations=51 (full 8):
 PSYoungGen      total 1863680K, used 1749556K [0x0000000780000000, 0x0000000800000000, 0x0000000800000000)
  eden space 1727488K, 100% used [0x0000000780000000,0x00000007e9700000,0x00000007e9700000)
  from space 136192K, 16% used [0x00000007f7b00000,0x00000007f908d358,0x0000000800000000)
  to   space 184832K, 0% used [0x00000007e9700000,0x00000007e9700000,0x00000007f4b80000)
 ParOldGen       total 559104K, used 359252K [0x0000000680000000, 0x00000006a2200000, 0x0000000780000000)
  object space 559104K, 64% used [0x0000000680000000,0x0000000695ed53d0,0x00000006a2200000)
 Metaspace       used 265074K, committed 268096K, reserved 1114112K
  class space    used 33418K, committed 34880K, reserved 851968K
}
Event: 429.987 GC heap after
{Heap after GC invocations=51 (full 8):
 PSYoungGen      total 1873408K, used 145649K [0x0000000780000000, 0x0000000800000000, 0x0000000800000000)
  eden space 1727488K, 0% used [0x0000000780000000,0x0000000780000000,0x00000007e9700000)
  from space 145920K, 99% used [0x00000007e9700000,0x00000007f253c558,0x00000007f2580000)
  to   space 203264K, 0% used [0x00000007f3980000,0x00000007f3980000,0x0000000800000000)
 ParOldGen       total 559104K, used 361645K [0x0000000680000000, 0x00000006a2200000, 0x0000000780000000)
  object space 559104K, 64% used [0x0000000680000000,0x000000069612b620,0x00000006a2200000)
 Metaspace       used 265074K, committed 268096K, reserved 1114112K
  class space    used 33418K, committed 34880K, reserved 851968K
}

