# JRE version: OpenJDK Runtime Environment (17.0.11) (build 17.0.11+0--11852314)
# Java VM: OpenJDK 64-Bit Server VM (17.0.11+0--11852314, mixed mode, tiered, compressed oops, compressed class ptrs, parallel gc, windows-amd64)
GC Precious Log:
 CPUs: 4 total, 4 available
 Memory: 8088M
 Large Page Support: Disabled
 NUMA Support: Disabled
 Compressed Oops: Enabled (Zero based)
 Alignments: Space 512K, Generation 512K, Heap 2M
 Heap Min Capacity: 8M
 Heap Initial Capacity: 128M
 Heap Max Capacity: 6G
 Pre-touch: Disabled
 Parallel Workers: 4
Heap:
 PSYoungGen      total 1624064K, used 754900K [0x0000000780000000, 0x00000007e9f00000, 0x0000000800000000)
  eden space 1525760K, 45% used [0x0000000780000000,0x00000007aad37360,0x00000007dd200000)
  from space 98304K, 54% used [0x00000007e3f00000,0x00000007e72fde30,0x00000007e9f00000)
  to   space 104960K, 0% used [0x00000007dd200000,0x00000007dd200000,0x00000007e3880000)
 ParOldGen       total 445440K, used 358409K [0x0000000680000000, 0x000000069b300000, 0x0000000780000000)
  object space 445440K, 80% used [0x0000000680000000,0x0000000695e02440,0x000000069b300000)
 Metaspace       used 148146K, committed 149632K, reserved 983040K
  class space    used 18760K, committed 19520K, reserved 851968K
GC Heap History (20 events):
Event: 297.655 GC heap before
{Heap before GC invocations=116 (full 8):
 PSYoungGen      total 1162752K, used 4332K [0x0000000780000000, 0x00000007ce680000, 0x0000000800000000)
  eden space 1046016K, 0% used [0x0000000780000000,0x0000000780000000,0x00000007bfd80000)
  from space 116736K, 3% used [0x00000007c7480000,0x00000007c78bb1b8,0x00000007ce680000)
  to   space 119296K, 0% used [0x00000007bfd80000,0x00000007bfd80000,0x00000007c7200000)
 ParOldGen       total 345600K, used 345390K [0x0000000680000000, 0x0000000695180000, 0x0000000780000000)
  object space 345600K, 99% used [0x0000000680000000,0x000000069514bb10,0x0000000695180000)
 Metaspace       used 148060K, committed 149504K, reserved 983040K
  class space    used 18760K, committed 19520K, reserved 851968K
}
Event: 298.657 GC heap after
{Heap after GC invocations=116 (full 8):
 PSYoungGen      total 1165312K, used 0K [0x0000000780000000, 0x00000007d8a00000, 0x0000000800000000)
  eden space 1046016K, 0% used [0x0000000780000000,0x0000000780000000,0x00000007bfd80000)
  from space 119296K, 0% used [0x00000007bfd80000,0x00000007bfd80000,0x00000007c7200000)
  to   space 119296K, 0% used [0x00000007d1580000,0x00000007d1580000,0x00000007d8a00000)
 ParOldGen       total 445440K, used 277412K [0x0000000680000000, 0x000000069b300000, 0x0000000780000000)
  object space 445440K, 62% used [0x0000000680000000,0x0000000690ee9030,0x000000069b300000)
 Metaspace       used 148060K, committed 149504K, reserved 983040K
  class space    used 18760K, committed 19520K, reserved 851968K
}
Event: 310.051 GC heap before
{Heap before GC invocations=117 (full 8):
 PSYoungGen      total 1165312K, used 1046016K [0x0000000780000000, 0x00000007d8a00000, 0x0000000800000000)
  eden space 1046016K, 100% used [0x0000000780000000,0x00000007bfd80000,0x00000007bfd80000)
  from space 119296K, 0% used [0x00000007bfd80000,0x00000007bfd80000,0x00000007c7200000)
  to   space 119296K, 0% used [0x00000007d1580000,0x00000007d1580000,0x00000007d8a00000)
 ParOldGen       total 445440K, used 277412K [0x0000000680000000, 0x000000069b300000, 0x0000000780000000)
  object space 445440K, 62% used [0x0000000680000000,0x0000000690ee9030,0x000000069b300000)
 Metaspace       used 148077K, committed 149504K, reserved 983040K
  class space    used 18760K, committed 19520K, reserved 851968K
}
Event: 310.151 GC heap after
{Heap after GC invocations=117 (full 8):
 PSYoungGen      total 1311232K, used 6352K [0x0000000780000000, 0x00000007d7e00000, 0x0000000800000000)
  eden space 1204224K, 0% used [0x0000000780000000,0x0000000780000000,0x00000007c9800000)
  from space 107008K, 5% used [0x00000007d1580000,0x00000007d1bb4010,0x00000007d7e00000)
  to   space 117760K, 0% used [0x00000007c9800000,0x00000007c9800000,0x00000007d0b00000)
 ParOldGen       total 445440K, used 277412K [0x0000000680000000, 0x000000069b300000, 0x0000000780000000)
  object space 445440K, 62% used [0x0000000680000000,0x0000000690ee9030,0x000000069b300000)
 Metaspace       used 148077K, committed 149504K, reserved 983040K
  class space    used 18760K, committed 19520K, reserved 851968K
}
Event: 315.125 GC heap before
{Heap before GC invocations=118 (full 8):
 PSYoungGen      total 1311232K, used 1210576K [0x0000000780000000, 0x00000007d7e00000, 0x0000000800000000)
  eden space 1204224K, 100% used [0x0000000780000000,0x00000007c9800000,0x00000007c9800000)
  from space 107008K, 5% used [0x00000007d1580000,0x00000007d1bb4010,0x00000007d7e00000)
  to   space 117760K, 0% used [0x00000007c9800000,0x00000007c9800000,0x00000007d0b00000)
 ParOldGen       total 445440K, used 277412K [0x0000000680000000, 0x000000069b300000, 0x0000000780000000)
  object space 445440K, 62% used [0x0000000680000000,0x0000000690ee9030,0x000000069b300000)
 Metaspace       used 148089K, committed 149568K, reserved 983040K
  class space    used 18760K, committed 19520K, reserved 851968K
}
Event: 315.142 GC heap after
{Heap after GC invocations=118 (full 8):
 PSYoungGen      total 1321984K, used 5559K [0x0000000780000000, 0x00000007e1f80000, 0x0000000800000000)
  eden space 1204224K, 0% used [0x0000000780000000,0x0000000780000000,0x00000007c9800000)
  from space 117760K, 4% used [0x00000007c9800000,0x00000007c9d6dcf8,0x00000007d0b00000)
  to   space 115712K, 0% used [0x00000007dae80000,0x00000007dae80000,0x00000007e1f80000)
 ParOldGen       total 445440K, used 282413K [0x0000000680000000, 0x000000069b300000, 0x0000000780000000)
  object space 445440K, 63% used [0x0000000680000000,0x00000006913cb6d8,0x000000069b300000)
 Metaspace       used 148089K, committed 149568K, reserved 983040K
  class space    used 18760K, committed 19520K, reserved 851968K
}
Event: 322.605 GC heap before
{Heap before GC invocations=119 (full 8):
 PSYoungGen      total 1321984K, used 1209783K [0x0000000780000000, 0x00000007e1f80000, 0x0000000800000000)
  eden space 1204224K, 100% used [0x0000000780000000,0x00000007c9800000,0x00000007c9800000)
  from space 117760K, 4% used [0x00000007c9800000,0x00000007c9d6dcf8,0x00000007d0b00000)
  to   space 115712K, 0% used [0x00000007dae80000,0x00000007dae80000,0x00000007e1f80000)
 ParOldGen       total 445440K, used 282413K [0x0000000680000000, 0x000000069b300000, 0x0000000780000000)
  object space 445440K, 63% used [0x0000000680000000,0x00000006913cb6d8,0x000000069b300000)
 Metaspace       used 148102K, committed 149568K, reserved 983040K
  class space    used 18760K, committed 19520K, reserved 851968K
}
Event: 322.672 GC heap after
{Heap after GC invocations=119 (full 8):
 PSYoungGen      total 1453568K, used 25654K [0x0000000780000000, 0x00000007e0780000, 0x0000000800000000)
  eden space 1362432K, 0% used [0x0000000780000000,0x0000000780000000,0x00000007d3280000)
  from space 91136K, 28% used [0x00000007dae80000,0x00000007dc78d8f8,0x00000007e0780000)
  to   space 109056K, 0% used [0x00000007d3280000,0x00000007d3280000,0x00000007d9d00000)
 ParOldGen       total 445440K, used 286715K [0x0000000680000000, 0x000000069b300000, 0x0000000780000000)
  object space 445440K, 64% used [0x0000000680000000,0x00000006917fec90,0x000000069b300000)
 Metaspace       used 148102K, committed 149568K, reserved 983040K
  class space    used 18760K, committed 19520K, reserved 851968K
}
Event: 332.029 GC heap before
{Heap before GC invocations=120 (full 8):
 PSYoungGen      total 1453568K, used 1388086K [0x0000000780000000, 0x00000007e0780000, 0x0000000800000000)
  eden space 1362432K, 100% used [0x0000000780000000,0x00000007d3280000,0x00000007d3280000)
  from space 91136K, 28% used [0x00000007dae80000,0x00000007dc78d8f8,0x00000007e0780000)
  to   space 109056K, 0% used [0x00000007d3280000,0x00000007d3280000,0x00000007d9d00000)
 ParOldGen       total 445440K, used 286715K [0x0000000680000000, 0x000000069b300000, 0x0000000780000000)
  object space 445440K, 64% used [0x0000000680000000,0x00000006917fec90,0x000000069b300000)
 Metaspace       used 148113K, committed 149568K, reserved 983040K
  class space    used 18760K, committed 19520K, reserved 851968K
}
Event: 332.134 GC heap after
{Heap after GC invocations=120 (full 8):
 PSYoungGen      total 1471488K, used 6290K [0x0000000780000000, 0x00000007ea700000, 0x0000000800000000)
  eden space 1362432K, 0% used [0x0000000780000000,0x0000000780000000,0x00000007d3280000)
  from space 109056K, 5% used [0x00000007d3280000,0x00000007d38a4be0,0x00000007d9d00000)
  to   space 106496K, 0% used [0x00000007e3f00000,0x00000007e3f00000,0x00000007ea700000)
 ParOldGen       total 445440K, used 298440K [0x0000000680000000, 0x000000069b300000, 0x0000000780000000)
  object space 445440K, 66% used [0x0000000680000000,0x0000000692372338,0x000000069b300000)
 Metaspace       used 148113K, committed 149568K, reserved 983040K
  class space    used 18760K, committed 19520K, reserved 851968K
}
Event: 337.936 GC heap before
{Heap before GC invocations=121 (full 8):
 PSYoungGen      total 1471488K, used 1368722K [0x0000000780000000, 0x00000007ea700000, 0x0000000800000000)
  eden space 1362432K, 100% used [0x0000000780000000,0x00000007d3280000,0x00000007d3280000)
  from space 109056K, 5% used [0x00000007d3280000,0x00000007d38a4be0,0x00000007d9d00000)
  to   space 106496K, 0% used [0x00000007e3f00000,0x00000007e3f00000,0x00000007ea700000)
 ParOldGen       total 445440K, used 298440K [0x0000000680000000, 0x000000069b300000, 0x0000000780000000)
  object space 445440K, 66% used [0x0000000680000000,0x0000000692372338,0x000000069b300000)
 Metaspace       used 148133K, committed 149632K, reserved 983040K
  class space    used 18760K, committed 19520K, reserved 851968K
}
Event: 338.045 GC heap after
{Heap after GC invocations=121 (full 8):
 PSYoungGen      total 1624064K, used 48216K [0x0000000780000000, 0x00000007e9f00000, 0x0000000800000000)
  eden space 1525760K, 0% used [0x0000000780000000,0x0000000780000000,0x00000007dd200000)
  from space 98304K, 49% used [0x00000007e3f00000,0x00000007e6e16360,0x00000007e9f00000)
  to   space 104960K, 0% used [0x00000007dd200000,0x00000007dd200000,0x00000007e3880000)
 ParOldGen       total 445440K, used 302323K [0x0000000680000000, 0x000000069b300000, 0x0000000780000000)
  object space 445440K, 67% used [0x0000000680000000,0x000000069273cf98,0x000000069b300000)
 Metaspace       used 148133K, committed 149632K, reserved 983040K
  class space    used 18760K, committed 19520K, reserved 851968K
}
Event: 343.984 GC heap before
{Heap before GC invocations=122 (full 8):
 PSYoungGen      total 1624064K, used 1573976K [0x0000000780000000, 0x00000007e9f00000, 0x0000000800000000)
  eden space 1525760K, 100% used [0x0000000780000000,0x00000007dd200000,0x00000007dd200000)
  from space 98304K, 49% used [0x00000007e3f00000,0x00000007e6e16360,0x00000007e9f00000)
  to   space 104960K, 0% used [0x00000007dd200000,0x00000007dd200000,0x00000007e3880000)
 ParOldGen       total 445440K, used 302323K [0x0000000680000000, 0x000000069b300000, 0x0000000780000000)
  object space 445440K, 67% used [0x0000000680000000,0x000000069273cf98,0x000000069b300000)
 Metaspace       used 148137K, committed 149632K, reserved 983040K
  class space    used 18760K, committed 19520K, reserved 851968K
}
Event: 344.615 GC heap after
{Heap after GC invocations=122 (full 8):
 PSYoungGen      total 1630720K, used 22420K [0x0000000780000000, 0x00000007e9f00000, 0x0000000800000000)
  eden space 1525760K, 0% used [0x0000000780000000,0x0000000780000000,0x00000007dd200000)
  from space 104960K, 21% used [0x00000007dd200000,0x00000007de7e52f8,0x00000007e3880000)
  to   space 98304K, 0% used [0x00000007e3f00000,0x00000007e3f00000,0x00000007e9f00000)
 ParOldGen       total 445440K, used 339884K [0x0000000680000000, 0x000000069b300000, 0x0000000780000000)
  object space 445440K, 76% used [0x0000000680000000,0x0000000694beb048,0x000000069b300000)
 Metaspace       used 148137K, committed 149632K, reserved 983040K
  class space    used 18760K, committed 19520K, reserved 851968K
}
Event: 357.123 GC heap before
{Heap before GC invocations=123 (full 8):
 PSYoungGen      total 1630720K, used 1548180K [0x0000000780000000, 0x00000007e9f00000, 0x0000000800000000)
  eden space 1525760K, 100% used [0x0000000780000000,0x00000007dd200000,0x00000007dd200000)
  from space 104960K, 21% used [0x00000007dd200000,0x00000007de7e52f8,0x00000007e3880000)
  to   space 98304K, 0% used [0x00000007e3f00000,0x00000007e3f00000,0x00000007e9f00000)
 ParOldGen       total 445440K, used 339884K [0x0000000680000000, 0x000000069b300000, 0x0000000780000000)
  object space 445440K, 76% used [0x0000000680000000,0x0000000694beb060,0x000000069b300000)
 Metaspace       used 148138K, committed 149632K, reserved 983040K
  class space    used 18760K, committed 19520K, reserved 851968K
}
Event: 357.241 GC heap after
{Heap after GC invocations=123 (full 8):
 PSYoungGen      total 1624064K, used 6096K [0x0000000780000000, 0x00000007e9f00000, 0x0000000800000000)
  eden space 1525760K, 0% used [0x0000000780000000,0x0000000780000000,0x00000007dd200000)
  from space 98304K, 6% used [0x00000007e3f00000,0x00000007e44f4010,0x00000007e9f00000)
  to   space 104960K, 0% used [0x00000007dd200000,0x00000007dd200000,0x00000007e3880000)
 ParOldGen       total 445440K, used 348266K [0x0000000680000000, 0x000000069b300000, 0x0000000780000000)
  object space 445440K, 78% used [0x0000000680000000,0x000000069541a9e0,0x000000069b300000)
 Metaspace       used 148138K, committed 149632K, reserved 983040K
  class space    used 18760K, committed 19520K, reserved 851968K
}
Event: 364.108 GC heap before
{Heap before GC invocations=124 (full 8):
 PSYoungGen      total 1624064K, used 1531856K [0x0000000780000000, 0x00000007e9f00000, 0x0000000800000000)
  eden space 1525760K, 100% used [0x0000000780000000,0x00000007dd200000,0x00000007dd200000)
  from space 98304K, 6% used [0x00000007e3f00000,0x00000007e44f4010,0x00000007e9f00000)
  to   space 104960K, 0% used [0x00000007dd200000,0x00000007dd200000,0x00000007e3880000)
 ParOldGen       total 445440K, used 348270K [0x0000000680000000, 0x000000069b300000, 0x0000000780000000)
  object space 445440K, 78% used [0x0000000680000000,0x000000069541b8a0,0x000000069b300000)
 Metaspace       used 148140K, committed 149632K, reserved 983040K
  class space    used 18760K, committed 19520K, reserved 851968K
}
Event: 364.127 GC heap after
{Heap after GC invocations=124 (full 8):
 PSYoungGen      total 1630720K, used 13825K [0x0000000780000000, 0x00000007e9f00000, 0x0000000800000000)
  eden space 1525760K, 0% used [0x0000000780000000,0x0000000780000000,0x00000007dd200000)
  from space 104960K, 13% used [0x00000007dd200000,0x00000007ddf80408,0x00000007e3880000)
  to   space 98304K, 0% used [0x00000007e3f00000,0x00000007e3f00000,0x00000007e9f00000)
 ParOldGen       total 445440K, used 352565K [0x0000000680000000, 0x000000069b300000, 0x0000000780000000)
  object space 445440K, 79% used [0x0000000680000000,0x000000069584d738,0x000000069b300000)
 Metaspace       used 148140K, committed 149632K, reserved 983040K
  class space    used 18760K, committed 19520K, reserved 851968K
}
Event: 366.111 GC heap before
{Heap before GC invocations=125 (full 8):
 PSYoungGen      total 1630720K, used 1539585K [0x0000000780000000, 0x00000007e9f00000, 0x0000000800000000)
  eden space 1525760K, 100% used [0x0000000780000000,0x00000007dd200000,0x00000007dd200000)
  from space 104960K, 13% used [0x00000007dd200000,0x00000007ddf80408,0x00000007e3880000)
  to   space 98304K, 0% used [0x00000007e3f00000,0x00000007e3f00000,0x00000007e9f00000)
 ParOldGen       total 445440K, used 352568K [0x0000000680000000, 0x000000069b300000, 0x0000000780000000)
  object space 445440K, 79% used [0x0000000680000000,0x000000069584e1e0,0x000000069b300000)
 Metaspace       used 148146K, committed 149632K, reserved 983040K
  class space    used 18760K, committed 19520K, reserved 851968K
}
Event: 366.151 GC heap after
{Heap after GC invocations=125 (full 8):
 PSYoungGen      total 1624064K, used 53239K [0x0000000780000000, 0x00000007e9f00000, 0x0000000800000000)
  eden space 1525760K, 0% used [0x0000000780000000,0x0000000780000000,0x00000007dd200000)
  from space 98304K, 54% used [0x00000007e3f00000,0x00000007e72fde30,0x00000007e9f00000)
  to   space 104960K, 0% used [0x00000007dd200000,0x00000007dd200000,0x00000007e3880000)
 ParOldGen       total 445440K, used 358409K [0x0000000680000000, 0x000000069b300000, 0x0000000780000000)
  object space 445440K, 80% used [0x0000000680000000,0x0000000695e02440,0x000000069b300000)
 Metaspace       used 148146K, committed 149632K, reserved 983040K
  class space    used 18760K, committed 19520K, reserved 851968K
}

