# JRE version: OpenJDK Runtime Environment (17.0.11) (build 17.0.11+0--11852314)
# Java VM: OpenJDK 64-Bit Server VM (17.0.11+0--11852314, mixed mode, tiered, compressed oops, compressed class ptrs, parallel gc, windows-amd64)
GC Precious Log:
 CPUs: 4 total, 4 available
 Memory: 8088M
 Large Page Support: Disabled
 NUMA Support: Disabled
 Compressed Oops: Enabled (Zero based)
 Alignments: Space 512K, Generation 512K, Heap 2M
 Heap Min Capacity: 8M
 Heap Initial Capacity: 128M
 Heap Max Capacity: 6G
 Pre-touch: Disabled
 Parallel Workers: 4
Heap:
 PSYoungGen      total 454656K, used 137419K [0x0000000780000000, 0x00000007a7d80000, 0x0000000800000000)
  eden space 255488K, 35% used [0x0000000780000000,0x00000007858d70b8,0x000000078f980000)
  from space 199168K, 23% used [0x000000079bb00000,0x000000079e85bed0,0x00000007a7d80000)
  to   space 198144K, 0% used [0x000000078f980000,0x000000078f980000,0x000000079bb00000)
 ParOldGen       total 622592K, used 410026K [0x0000000680000000, 0x00000006a6000000, 0x0000000780000000)
  object space 622592K, 65% used [0x0000000680000000,0x000000069906a9e0,0x00000006a6000000)
 Metaspace       used 208671K, committed 211776K, reserved 1048576K
  class space    used 27614K, committed 29120K, reserved 851968K
GC Heap History (20 events):
Event: 4762.949 GC heap before
{Heap before GC invocations=102 (full 8):
 PSYoungGen      total 439808K, used 277540K [0x0000000780000000, 0x00000007aa280000, 0x0000000800000000)
  eden space 198656K, 100% used [0x0000000780000000,0x000000078c200000,0x000000078c200000)
  from space 241152K, 32% used [0x000000078c200000,0x0000000790f09210,0x000000079ad80000)
  to   space 239616K, 0% used [0x000000079b880000,0x000000079b880000,0x00000007aa280000)
 ParOldGen       total 410112K, used 335460K [0x0000000680000000, 0x0000000699080000, 0x0000000780000000)
  object space 410112K, 81% used [0x0000000680000000,0x0000000694799190,0x0000000699080000)
 Metaspace       used 206387K, committed 209408K, reserved 1048576K
  class space    used 27369K, committed 28800K, reserved 851968K
}
Event: 4763.028 GC heap after
{Heap after GC invocations=102 (full 8):
 PSYoungGen      total 440832K, used 80077K [0x0000000780000000, 0x00000007a9a00000, 0x0000000800000000)
  eden space 209920K, 0% used [0x0000000780000000,0x0000000780000000,0x000000078cd00000)
  from space 230912K, 34% used [0x000000079b880000,0x00000007a06b34c0,0x00000007a9a00000)
  to   space 236032K, 0% used [0x000000078cd00000,0x000000078cd00000,0x000000079b380000)
 ParOldGen       total 410112K, used 339189K [0x0000000680000000, 0x0000000699080000, 0x0000000780000000)
  object space 410112K, 82% used [0x0000000680000000,0x0000000694b3d490,0x0000000699080000)
 Metaspace       used 206387K, committed 209408K, reserved 1048576K
  class space    used 27369K, committed 28800K, reserved 851968K
}
Event: 4768.099 GC heap before
{Heap before GC invocations=103 (full 8):
 PSYoungGen      total 440832K, used 289997K [0x0000000780000000, 0x00000007a9a00000, 0x0000000800000000)
  eden space 209920K, 100% used [0x0000000780000000,0x000000078cd00000,0x000000078cd00000)
  from space 230912K, 34% used [0x000000079b880000,0x00000007a06b34c0,0x00000007a9a00000)
  to   space 236032K, 0% used [0x000000078cd00000,0x000000078cd00000,0x000000079b380000)
 ParOldGen       total 410112K, used 339189K [0x0000000680000000, 0x0000000699080000, 0x0000000780000000)
  object space 410112K, 82% used [0x0000000680000000,0x0000000694b3d490,0x0000000699080000)
 Metaspace       used 206747K, committed 209792K, reserved 1048576K
  class space    used 27391K, committed 28864K, reserved 851968K
}
Event: 4768.218 GC heap after
{Heap after GC invocations=103 (full 8):
 PSYoungGen      total 445952K, used 74585K [0x0000000780000000, 0x00000007a9e80000, 0x0000000800000000)
  eden space 209920K, 0% used [0x0000000780000000,0x0000000780000000,0x000000078cd00000)
  from space 236032K, 31% used [0x000000078cd00000,0x00000007915d6418,0x000000079b380000)
  to   space 232960K, 0% used [0x000000079bb00000,0x000000079bb00000,0x00000007a9e80000)
 ParOldGen       total 410112K, used 339285K [0x0000000680000000, 0x0000000699080000, 0x0000000780000000)
  object space 410112K, 82% used [0x0000000680000000,0x0000000694b55530,0x0000000699080000)
 Metaspace       used 206747K, committed 209792K, reserved 1048576K
  class space    used 27391K, committed 28864K, reserved 851968K
}
Event: 4778.083 GC heap before
{Heap before GC invocations=104 (full 8):
 PSYoungGen      total 445952K, used 284505K [0x0000000780000000, 0x00000007a9e80000, 0x0000000800000000)
  eden space 209920K, 100% used [0x0000000780000000,0x000000078cd00000,0x000000078cd00000)
  from space 236032K, 31% used [0x000000078cd00000,0x00000007915d6418,0x000000079b380000)
  to   space 232960K, 0% used [0x000000079bb00000,0x000000079bb00000,0x00000007a9e80000)
 ParOldGen       total 410112K, used 339285K [0x0000000680000000, 0x0000000699080000, 0x0000000780000000)
  object space 410112K, 82% used [0x0000000680000000,0x0000000694b55640,0x0000000699080000)
 Metaspace       used 208072K, committed 211136K, reserved 1048576K
  class space    used 27548K, committed 28992K, reserved 851968K
}
Event: 4778.300 GC heap after
{Heap after GC invocations=104 (full 8):
 PSYoungGen      total 444416K, used 77083K [0x0000000780000000, 0x00000007a9580000, 0x0000000800000000)
  eden space 220672K, 0% used [0x0000000780000000,0x0000000780000000,0x000000078d780000)
  from space 223744K, 34% used [0x000000079bb00000,0x00000007a0646c98,0x00000007a9580000)
  to   space 228352K, 0% used [0x000000078d780000,0x000000078d780000,0x000000079b680000)
 ParOldGen       total 410112K, used 342893K [0x0000000680000000, 0x0000000699080000, 0x0000000780000000)
  object space 410112K, 83% used [0x0000000680000000,0x0000000694edb690,0x0000000699080000)
 Metaspace       used 208072K, committed 211136K, reserved 1048576K
  class space    used 27548K, committed 28992K, reserved 851968K
}
Event: 4784.328 GC heap before
{Heap before GC invocations=105 (full 8):
 PSYoungGen      total 444416K, used 297755K [0x0000000780000000, 0x00000007a9580000, 0x0000000800000000)
  eden space 220672K, 100% used [0x0000000780000000,0x000000078d780000,0x000000078d780000)
  from space 223744K, 34% used [0x000000079bb00000,0x00000007a0646c98,0x00000007a9580000)
  to   space 228352K, 0% used [0x000000078d780000,0x000000078d780000,0x000000079b680000)
 ParOldGen       total 410112K, used 342898K [0x0000000680000000, 0x0000000699080000, 0x0000000780000000)
  object space 410112K, 83% used [0x0000000680000000,0x0000000694edc9e8,0x0000000699080000)
 Metaspace       used 208372K, committed 211392K, reserved 1048576K
  class space    used 27588K, committed 29056K, reserved 851968K
}
Event: 4784.401 GC heap after
{Heap after GC invocations=105 (full 8):
 PSYoungGen      total 449024K, used 64409K [0x0000000780000000, 0x00000007a9880000, 0x0000000800000000)
  eden space 220672K, 0% used [0x0000000780000000,0x0000000780000000,0x000000078d780000)
  from space 228352K, 28% used [0x000000078d780000,0x0000000791666640,0x000000079b680000)
  to   space 225280K, 0% used [0x000000079bc80000,0x000000079bc80000,0x00000007a9880000)
 ParOldGen       total 410112K, used 350586K [0x0000000680000000, 0x0000000699080000, 0x0000000780000000)
  object space 410112K, 85% used [0x0000000680000000,0x000000069565ea38,0x0000000699080000)
 Metaspace       used 208372K, committed 211392K, reserved 1048576K
  class space    used 27588K, committed 29056K, reserved 851968K
}
Event: 4790.689 GC heap before
{Heap before GC invocations=106 (full 8):
 PSYoungGen      total 449024K, used 285081K [0x0000000780000000, 0x00000007a9880000, 0x0000000800000000)
  eden space 220672K, 100% used [0x0000000780000000,0x000000078d780000,0x000000078d780000)
  from space 228352K, 28% used [0x000000078d780000,0x0000000791666640,0x000000079b680000)
  to   space 225280K, 0% used [0x000000079bc80000,0x000000079bc80000,0x00000007a9880000)
 ParOldGen       total 410112K, used 350586K [0x0000000680000000, 0x0000000699080000, 0x0000000780000000)
  object space 410112K, 85% used [0x0000000680000000,0x000000069565ea38,0x0000000699080000)
 Metaspace       used 208469K, committed 211520K, reserved 1048576K
  class space    used 27600K, committed 29056K, reserved 851968K
}
Event: 4790.988 GC heap after
{Heap after GC invocations=106 (full 8):
 PSYoungGen      total 441856K, used 84344K [0x0000000780000000, 0x00000007a8a80000, 0x0000000800000000)
  eden space 230912K, 0% used [0x0000000780000000,0x0000000780000000,0x000000078e180000)
  from space 210944K, 39% used [0x000000079bc80000,0x00000007a0ede3b8,0x00000007a8a80000)
  to   space 217600K, 0% used [0x000000078e180000,0x000000078e180000,0x000000079b600000)
 ParOldGen       total 410112K, used 359074K [0x0000000680000000, 0x0000000699080000, 0x0000000780000000)
  object space 410112K, 87% used [0x0000000680000000,0x0000000695ea8af8,0x0000000699080000)
 Metaspace       used 208469K, committed 211520K, reserved 1048576K
  class space    used 27600K, committed 29056K, reserved 851968K
}
Event: 4794.723 GC heap before
{Heap before GC invocations=107 (full 8):
 PSYoungGen      total 441856K, used 315256K [0x0000000780000000, 0x00000007a8a80000, 0x0000000800000000)
  eden space 230912K, 100% used [0x0000000780000000,0x000000078e180000,0x000000078e180000)
  from space 210944K, 39% used [0x000000079bc80000,0x00000007a0ede3b8,0x00000007a8a80000)
  to   space 217600K, 0% used [0x000000078e180000,0x000000078e180000,0x000000079b600000)
 ParOldGen       total 410112K, used 359074K [0x0000000680000000, 0x0000000699080000, 0x0000000780000000)
  object space 410112K, 87% used [0x0000000680000000,0x0000000695ea8af8,0x0000000699080000)
 Metaspace       used 208544K, committed 211648K, reserved 1048576K
  class space    used 27608K, committed 29120K, reserved 851968K
}
Event: 4794.885 GC heap after
{Heap after GC invocations=107 (full 8):
 PSYoungGen      total 448512K, used 82179K [0x0000000780000000, 0x00000007a8800000, 0x0000000800000000)
  eden space 230912K, 0% used [0x0000000780000000,0x0000000780000000,0x000000078e180000)
  from space 217600K, 37% used [0x000000078e180000,0x00000007931c0f40,0x000000079b600000)
  to   space 210944K, 0% used [0x000000079ba00000,0x000000079ba00000,0x00000007a8800000)
 ParOldGen       total 410112K, used 367138K [0x0000000680000000, 0x0000000699080000, 0x0000000780000000)
  object space 410112K, 89% used [0x0000000680000000,0x0000000696688b58,0x0000000699080000)
 Metaspace       used 208544K, committed 211648K, reserved 1048576K
  class space    used 27608K, committed 29120K, reserved 851968K
}
Event: 4797.976 GC heap before
{Heap before GC invocations=108 (full 8):
 PSYoungGen      total 448512K, used 313091K [0x0000000780000000, 0x00000007a8800000, 0x0000000800000000)
  eden space 230912K, 100% used [0x0000000780000000,0x000000078e180000,0x000000078e180000)
  from space 217600K, 37% used [0x000000078e180000,0x00000007931c0f40,0x000000079b600000)
  to   space 210944K, 0% used [0x000000079ba00000,0x000000079ba00000,0x00000007a8800000)
 ParOldGen       total 410112K, used 367138K [0x0000000680000000, 0x0000000699080000, 0x0000000780000000)
  object space 410112K, 89% used [0x0000000680000000,0x0000000696688b58,0x0000000699080000)
 Metaspace       used 208612K, committed 211712K, reserved 1048576K
  class space    used 27611K, committed 29120K, reserved 851968K
}
Event: 4798.086 GC heap after
{Heap after GC invocations=108 (full 8):
 PSYoungGen      total 439296K, used 80823K [0x0000000780000000, 0x00000007a7b00000, 0x0000000800000000)
  eden space 241664K, 0% used [0x0000000780000000,0x0000000780000000,0x000000078ec00000)
  from space 197632K, 40% used [0x000000079ba00000,0x00000007a08edf60,0x00000007a7b00000)
  to   space 204288K, 0% used [0x000000078ec00000,0x000000078ec00000,0x000000079b380000)
 ParOldGen       total 410112K, used 381490K [0x0000000680000000, 0x0000000699080000, 0x0000000780000000)
  object space 410112K, 93% used [0x0000000680000000,0x000000069748cb58,0x0000000699080000)
 Metaspace       used 208612K, committed 211712K, reserved 1048576K
  class space    used 27611K, committed 29120K, reserved 851968K
}
Event: 4799.993 GC heap before
{Heap before GC invocations=109 (full 8):
 PSYoungGen      total 439296K, used 322487K [0x0000000780000000, 0x00000007a7b00000, 0x0000000800000000)
  eden space 241664K, 100% used [0x0000000780000000,0x000000078ec00000,0x000000078ec00000)
  from space 197632K, 40% used [0x000000079ba00000,0x00000007a08edf60,0x00000007a7b00000)
  to   space 204288K, 0% used [0x000000078ec00000,0x000000078ec00000,0x000000079b380000)
 ParOldGen       total 410112K, used 381490K [0x0000000680000000, 0x0000000699080000, 0x0000000780000000)
  object space 410112K, 93% used [0x0000000680000000,0x000000069748cb58,0x0000000699080000)
 Metaspace       used 208667K, committed 211776K, reserved 1048576K
  class space    used 27612K, committed 29120K, reserved 851968K
}
Event: 4800.071 GC heap after
{Heap after GC invocations=109 (full 8):
 PSYoungGen      total 445952K, used 67130K [0x0000000780000000, 0x00000007a7d00000, 0x0000000800000000)
  eden space 241664K, 0% used [0x0000000780000000,0x0000000780000000,0x000000078ec00000)
  from space 204288K, 32% used [0x000000078ec00000,0x0000000792d8eae8,0x000000079b380000)
  to   space 199680K, 0% used [0x000000079ba00000,0x000000079ba00000,0x00000007a7d00000)
 ParOldGen       total 410112K, used 394730K [0x0000000680000000, 0x0000000699080000, 0x0000000780000000)
  object space 410112K, 96% used [0x0000000680000000,0x000000069817aa68,0x0000000699080000)
 Metaspace       used 208667K, committed 211776K, reserved 1048576K
  class space    used 27612K, committed 29120K, reserved 851968K
}
Event: 4800.071 GC heap before
{Heap before GC invocations=110 (full 9):
 PSYoungGen      total 445952K, used 67130K [0x0000000780000000, 0x00000007a7d00000, 0x0000000800000000)
  eden space 241664K, 0% used [0x0000000780000000,0x0000000780000000,0x000000078ec00000)
  from space 204288K, 32% used [0x000000078ec00000,0x0000000792d8eae8,0x000000079b380000)
  to   space 199680K, 0% used [0x000000079ba00000,0x000000079ba00000,0x00000007a7d00000)
 ParOldGen       total 410112K, used 394730K [0x0000000680000000, 0x0000000699080000, 0x0000000780000000)
  object space 410112K, 96% used [0x0000000680000000,0x000000069817aa68,0x0000000699080000)
 Metaspace       used 208667K, committed 211776K, reserved 1048576K
  class space    used 27612K, committed 29120K, reserved 851968K
}
Event: 4805.326 GC heap after
{Heap after GC invocations=110 (full 9):
 PSYoungGen      total 445952K, used 45816K [0x0000000780000000, 0x00000007a7e00000, 0x0000000800000000)
  eden space 241664K, 0% used [0x0000000780000000,0x0000000780000000,0x000000078ec00000)
  from space 204288K, 22% used [0x000000078ec00000,0x00000007918be358,0x000000079b380000)
  to   space 199680K, 0% used [0x000000079bb00000,0x000000079bb00000,0x00000007a7e00000)
 ParOldGen       total 622592K, used 409770K [0x0000000680000000, 0x00000006a6000000, 0x0000000780000000)
  object space 622592K, 65% used [0x0000000680000000,0x000000069902a9e0,0x00000006a6000000)
 Metaspace       used 208667K, committed 211776K, reserved 1048576K
  class space    used 27612K, committed 29120K, reserved 851968K
}
Event: 4812.932 GC heap before
{Heap before GC invocations=111 (full 9):
 PSYoungGen      total 445952K, used 287480K [0x0000000780000000, 0x00000007a7e00000, 0x0000000800000000)
  eden space 241664K, 100% used [0x0000000780000000,0x000000078ec00000,0x000000078ec00000)
  from space 204288K, 22% used [0x000000078ec00000,0x00000007918be358,0x000000079b380000)
  to   space 199680K, 0% used [0x000000079bb00000,0x000000079bb00000,0x00000007a7e00000)
 ParOldGen       total 622592K, used 409770K [0x0000000680000000, 0x00000006a6000000, 0x0000000780000000)
  object space 622592K, 65% used [0x0000000680000000,0x000000069902a9e0,0x00000006a6000000)
 Metaspace       used 208671K, committed 211776K, reserved 1048576K
  class space    used 27614K, committed 29120K, reserved 851968K
}
Event: 4813.971 GC heap after
{Heap after GC invocations=111 (full 9):
 PSYoungGen      total 454656K, used 46447K [0x0000000780000000, 0x00000007a7d80000, 0x0000000800000000)
  eden space 255488K, 0% used [0x0000000780000000,0x0000000780000000,0x000000078f980000)
  from space 199168K, 23% used [0x000000079bb00000,0x000000079e85bed0,0x00000007a7d80000)
  to   space 198144K, 0% used [0x000000078f980000,0x000000078f980000,0x000000079bb00000)
 ParOldGen       total 622592K, used 410026K [0x0000000680000000, 0x00000006a6000000, 0x0000000780000000)
  object space 622592K, 65% used [0x0000000680000000,0x000000069906a9e0,0x00000006a6000000)
 Metaspace       used 208671K, committed 211776K, reserved 1048576K
  class space    used 27614K, committed 29120K, reserved 851968K
}

